build/app/intermediates/manifest_merge_blame_file/release/manifest-merger-blame-release-report.txt
1<?xml version="1.0" encoding="utf-8"?>
2<manifest xmlns:android="http://schemas.android.com/apk/res/android"
3    package="com.sobgog.car_rental"
4    android:versionCode="1"
5    android:versionName="1.0.0" >
6
7    <uses-sdk
8        android:minSdkVersion="21"
8-->src/main/AndroidManifest.xml
9        android:targetSdkVersion="33" />
9-->src/main/AndroidManifest.xml
10
11    <uses-permission android:name="android.permission.INTERNET" />
11-->[com.google.firebase:firebase-auth:21.3.0] AndroidManifest.xml:25:5-67
11-->[com.google.firebase:firebase-auth:21.3.0] AndroidManifest.xml:25:22-64
12    <uses-permission android:name="android.permission.ACCESS_NETWORK_STATE" />
12-->[com.google.firebase:firebase-auth:21.3.0] AndroidManifest.xml:26:5-79
12-->[com.google.firebase:firebase-auth:21.3.0] AndroidManifest.xml:26:22-76
13    <uses-permission android:name="android.permission.WAKE_LOCK" />
13-->[com.google.android.gms:play-services-measurement-api:21.2.2] AndroidManifest.xml:24:5-68
13-->[com.google.android.gms:play-services-measurement-api:21.2.2] AndroidManifest.xml:24:22-65
14    <uses-permission android:name="com.google.android.gms.permission.AD_ID" />
14-->[com.google.android.gms:play-services-measurement-api:21.2.2] AndroidManifest.xml:25:5-79
14-->[com.google.android.gms:play-services-measurement-api:21.2.2] AndroidManifest.xml:25:22-76
15
16    <uses-feature
16-->[com.google.android.gms:play-services-maps:18.1.0] AndroidManifest.xml:26:5-28:35
17        android:glEsVersion="0x00020000"
17-->[com.google.android.gms:play-services-maps:18.1.0] AndroidManifest.xml:27:9-41
18        android:required="true" />
18-->[com.google.android.gms:play-services-maps:18.1.0] AndroidManifest.xml:28:9-32
19
20    <queries>
20-->[com.google.android.gms:play-services-maps:18.1.0] AndroidManifest.xml:30:5-34:15
21
22        <!-- Needs to be explicitly declared on Android R+ -->
23        <package android:name="com.google.android.apps.maps" />
23-->[com.google.android.gms:play-services-maps:18.1.0] AndroidManifest.xml:33:9-64
23-->[com.google.android.gms:play-services-maps:18.1.0] AndroidManifest.xml:33:18-61
24    </queries>
25
26    <uses-permission android:name="com.google.android.finsky.permission.BIND_GET_INSTALL_REFERRER_SERVICE" />
26-->[com.google.android.gms:play-services-measurement:21.2.2] AndroidManifest.xml:26:5-110
26-->[com.google.android.gms:play-services-measurement:21.2.2] AndroidManifest.xml:26:22-107
27
28    <application
29        android:name="android.app.Application"
29-->src/main/AndroidManifest.xml:5:9-42
30        android:appComponentFactory="androidx.core.app.CoreComponentFactory"
30-->[androidx.core:core:1.6.0] AndroidManifest.xml:24:18-86
31        android:icon="@mipmap/ic_launcher"
31-->src/main/AndroidManifest.xml:6:9-43
32        android:label="JJ Car Rental" >
32-->src/main/AndroidManifest.xml:4:9-38
33        <meta-data
33-->src/main/AndroidManifest.xml:7:11-8:73
34            android:name="com.google.android.geo.API_KEY"
34-->src/main/AndroidManifest.xml:7:22-67
35            android:value="AIzaSyCjLhXQK2mnGhi9l6fWAl64ca8U8wGlcJI" />
35-->src/main/AndroidManifest.xml:8:16-71
36
37        <activity
37-->src/main/AndroidManifest.xml:9:9-29:20
38            android:name="com.sobgog.car_rental.MainActivity"
38-->src/main/AndroidManifest.xml:10:13-41
39            android:configChanges="orientation|keyboardHidden|keyboard|screenSize|smallestScreenSize|locale|layoutDirection|fontScale|screenLayout|density|uiMode"
39-->src/main/AndroidManifest.xml:14:13-163
40            android:exported="true"
40-->src/main/AndroidManifest.xml:11:13-36
41            android:hardwareAccelerated="true"
41-->src/main/AndroidManifest.xml:15:13-47
42            android:launchMode="singleTop"
42-->src/main/AndroidManifest.xml:12:13-43
43            android:theme="@style/LaunchTheme"
43-->src/main/AndroidManifest.xml:13:13-47
44            android:windowSoftInputMode="adjustResize" >
44-->src/main/AndroidManifest.xml:16:13-55
45
46            <!--
47                 Specifies an Android theme to apply to this Activity as soon as
48                 the Android process has started. This theme is visible to the user
49                 while the Flutter UI initializes. After that, this theme continues
50                 to determine the Window background behind the Flutter UI.
51            -->
52            <meta-data
52-->src/main/AndroidManifest.xml:21:13-24:17
53                android:name="io.flutter.embedding.android.NormalTheme"
53-->src/main/AndroidManifest.xml:22:15-70
54                android:resource="@style/NormalTheme" />
54-->src/main/AndroidManifest.xml:23:15-52
55
56            <intent-filter>
56-->src/main/AndroidManifest.xml:25:13-28:29
57                <action android:name="android.intent.action.MAIN" />
57-->src/main/AndroidManifest.xml:26:17-68
57-->src/main/AndroidManifest.xml:26:25-66
58
59                <category android:name="android.intent.category.LAUNCHER" />
59-->src/main/AndroidManifest.xml:27:17-76
59-->src/main/AndroidManifest.xml:27:27-74
60            </intent-filter>
61        </activity>
62        <!--
63             Don't delete the meta-data below.
64             This is used by the Flutter tool to generate GeneratedPluginRegistrant.java
65        -->
66        <meta-data
66-->src/main/AndroidManifest.xml:32:9-34:33
67            android:name="flutterEmbedding"
67-->src/main/AndroidManifest.xml:33:13-44
68            android:value="2" />
68-->src/main/AndroidManifest.xml:34:13-30
69
70        <service
70-->[:firebase_auth] AndroidManifest.xml:8:9-12:19
71            android:name="com.google.firebase.components.ComponentDiscoveryService"
71-->[:firebase_auth] AndroidManifest.xml:8:18-89
72            android:directBootAware="true"
72-->[com.google.firebase:firebase-common:20.3.2] AndroidManifest.xml:34:13-43
73            android:exported="false" >
73-->[com.google.firebase:firebase-auth:21.3.0] AndroidManifest.xml:68:13-37
74            <meta-data
74-->[:firebase_auth] AndroidManifest.xml:9:13-11:85
75                android:name="com.google.firebase.components:io.flutter.plugins.firebase.auth.FlutterFirebaseAuthRegistrar"
75-->[:firebase_auth] AndroidManifest.xml:10:17-124
76                android:value="com.google.firebase.components.ComponentRegistrar" />
76-->[:firebase_auth] AndroidManifest.xml:11:17-82
77            <meta-data
77-->[:firebase_database] AndroidManifest.xml:9:13-11:85
78                android:name="com.google.firebase.components:io.flutter.plugins.firebase.database.FlutterFirebaseAppRegistrar"
78-->[:firebase_database] AndroidManifest.xml:10:17-127
79                android:value="com.google.firebase.components.ComponentRegistrar" />
79-->[:firebase_database] AndroidManifest.xml:11:17-82
80            <meta-data
80-->[:cloud_firestore] AndroidManifest.xml:9:13-11:85
81                android:name="com.google.firebase.components:io.flutter.plugins.firebase.firestore.FlutterFirebaseFirestoreRegistrar"
81-->[:cloud_firestore] AndroidManifest.xml:10:17-134
82                android:value="com.google.firebase.components.ComponentRegistrar" />
82-->[:cloud_firestore] AndroidManifest.xml:11:17-82
83            <meta-data
83-->[:firebase_core] AndroidManifest.xml:9:13-11:85
84                android:name="com.google.firebase.components:io.flutter.plugins.firebase.core.FlutterFirebaseCoreRegistrar"
84-->[:firebase_core] AndroidManifest.xml:10:17-124
85                android:value="com.google.firebase.components.ComponentRegistrar" />
85-->[:firebase_core] AndroidManifest.xml:11:17-82
86            <meta-data
86-->[com.google.firebase:firebase-auth:21.3.0] AndroidManifest.xml:69:13-71:85
87                android:name="com.google.firebase.components:com.google.firebase.auth.FirebaseAuthRegistrar"
87-->[com.google.firebase:firebase-auth:21.3.0] AndroidManifest.xml:70:17-109
88                android:value="com.google.firebase.components.ComponentRegistrar" />
88-->[com.google.firebase:firebase-auth:21.3.0] AndroidManifest.xml:71:17-82
89            <meta-data
89-->[com.google.firebase:firebase-firestore:24.5.0] AndroidManifest.xml:19:13-21:85
90                android:name="com.google.firebase.components:com.google.firebase.firestore.FirestoreRegistrar"
90-->[com.google.firebase:firebase-firestore:24.5.0] AndroidManifest.xml:20:17-111
91                android:value="com.google.firebase.components.ComponentRegistrar" />
91-->[com.google.firebase:firebase-firestore:24.5.0] AndroidManifest.xml:21:17-82
92            <meta-data
92-->[com.google.firebase:firebase-database:20.2.0] AndroidManifest.xml:31:13-33:85
93                android:name="com.google.firebase.components:com.google.firebase.database.DatabaseRegistrar"
93-->[com.google.firebase:firebase-database:20.2.0] AndroidManifest.xml:32:17-109
94                android:value="com.google.firebase.components.ComponentRegistrar" />
94-->[com.google.firebase:firebase-database:20.2.0] AndroidManifest.xml:33:17-82
95            <meta-data
95-->[com.google.android.gms:play-services-measurement-api:21.2.2] AndroidManifest.xml:31:13-33:85
96                android:name="com.google.firebase.components:com.google.firebase.analytics.connector.internal.AnalyticsConnectorRegistrar"
96-->[com.google.android.gms:play-services-measurement-api:21.2.2] AndroidManifest.xml:32:17-139
97                android:value="com.google.firebase.components.ComponentRegistrar" />
97-->[com.google.android.gms:play-services-measurement-api:21.2.2] AndroidManifest.xml:33:17-82
98            <meta-data
98-->[com.google.firebase:firebase-installations:17.1.3] AndroidManifest.xml:17:13-19:85
99                android:name="com.google.firebase.components:com.google.firebase.installations.FirebaseInstallationsRegistrar"
99-->[com.google.firebase:firebase-installations:17.1.3] AndroidManifest.xml:18:17-127
100                android:value="com.google.firebase.components.ComponentRegistrar" />
100-->[com.google.firebase:firebase-installations:17.1.3] AndroidManifest.xml:19:17-82
101        </service>
102
103        <activity
103-->[com.google.firebase:firebase-auth:21.3.0] AndroidManifest.xml:29:9-46:20
104            android:name="com.google.firebase.auth.internal.GenericIdpActivity"
104-->[com.google.firebase:firebase-auth:21.3.0] AndroidManifest.xml:30:13-80
105            android:excludeFromRecents="true"
105-->[com.google.firebase:firebase-auth:21.3.0] AndroidManifest.xml:31:13-46
106            android:exported="true"
106-->[com.google.firebase:firebase-auth:21.3.0] AndroidManifest.xml:32:13-36
107            android:launchMode="singleTask"
107-->[com.google.firebase:firebase-auth:21.3.0] AndroidManifest.xml:33:13-44
108            android:theme="@android:style/Theme.Translucent.NoTitleBar" >
108-->[com.google.firebase:firebase-auth:21.3.0] AndroidManifest.xml:34:13-72
109            <intent-filter>
109-->[com.google.firebase:firebase-auth:21.3.0] AndroidManifest.xml:35:13-45:29
110                <action android:name="android.intent.action.VIEW" />
110-->[com.google.firebase:firebase-auth:21.3.0] AndroidManifest.xml:36:17-69
110-->[com.google.firebase:firebase-auth:21.3.0] AndroidManifest.xml:36:25-66
111
112                <category android:name="android.intent.category.DEFAULT" />
112-->[com.google.firebase:firebase-auth:21.3.0] AndroidManifest.xml:38:17-76
112-->[com.google.firebase:firebase-auth:21.3.0] AndroidManifest.xml:38:27-73
113                <category android:name="android.intent.category.BROWSABLE" />
113-->[com.google.firebase:firebase-auth:21.3.0] AndroidManifest.xml:39:17-78
113-->[com.google.firebase:firebase-auth:21.3.0] AndroidManifest.xml:39:27-75
114
115                <data
115-->[com.google.firebase:firebase-auth:21.3.0] AndroidManifest.xml:41:17-44:51
116                    android:host="firebase.auth"
116-->[com.google.firebase:firebase-auth:21.3.0] AndroidManifest.xml:42:21-49
117                    android:path="/"
117-->[com.google.firebase:firebase-auth:21.3.0] AndroidManifest.xml:43:21-37
118                    android:scheme="genericidp" />
118-->[com.google.firebase:firebase-auth:21.3.0] AndroidManifest.xml:44:21-48
119            </intent-filter>
120        </activity>
121        <activity
121-->[com.google.firebase:firebase-auth:21.3.0] AndroidManifest.xml:47:9-64:20
122            android:name="com.google.firebase.auth.internal.RecaptchaActivity"
122-->[com.google.firebase:firebase-auth:21.3.0] AndroidManifest.xml:48:13-79
123            android:excludeFromRecents="true"
123-->[com.google.firebase:firebase-auth:21.3.0] AndroidManifest.xml:49:13-46
124            android:exported="true"
124-->[com.google.firebase:firebase-auth:21.3.0] AndroidManifest.xml:50:13-36
125            android:launchMode="singleTask"
125-->[com.google.firebase:firebase-auth:21.3.0] AndroidManifest.xml:51:13-44
126            android:theme="@android:style/Theme.Translucent.NoTitleBar" >
126-->[com.google.firebase:firebase-auth:21.3.0] AndroidManifest.xml:52:13-72
127            <intent-filter>
127-->[com.google.firebase:firebase-auth:21.3.0] AndroidManifest.xml:53:13-63:29
128                <action android:name="android.intent.action.VIEW" />
128-->[com.google.firebase:firebase-auth:21.3.0] AndroidManifest.xml:36:17-69
128-->[com.google.firebase:firebase-auth:21.3.0] AndroidManifest.xml:36:25-66
129
130                <category android:name="android.intent.category.DEFAULT" />
130-->[com.google.firebase:firebase-auth:21.3.0] AndroidManifest.xml:38:17-76
130-->[com.google.firebase:firebase-auth:21.3.0] AndroidManifest.xml:38:27-73
131                <category android:name="android.intent.category.BROWSABLE" />
131-->[com.google.firebase:firebase-auth:21.3.0] AndroidManifest.xml:39:17-78
131-->[com.google.firebase:firebase-auth:21.3.0] AndroidManifest.xml:39:27-75
132
133                <data
133-->[com.google.firebase:firebase-auth:21.3.0] AndroidManifest.xml:41:17-44:51
134                    android:host="firebase.auth"
134-->[com.google.firebase:firebase-auth:21.3.0] AndroidManifest.xml:42:21-49
135                    android:path="/"
135-->[com.google.firebase:firebase-auth:21.3.0] AndroidManifest.xml:43:21-37
136                    android:scheme="recaptcha" />
136-->[com.google.firebase:firebase-auth:21.3.0] AndroidManifest.xml:44:21-48
137            </intent-filter>
138        </activity>
139
140        <uses-library
140-->[androidx.window:window:1.0.0-beta04] AndroidManifest.xml:25:9-27:40
141            android:name="androidx.window.extensions"
141-->[androidx.window:window:1.0.0-beta04] AndroidManifest.xml:26:13-54
142            android:required="false" />
142-->[androidx.window:window:1.0.0-beta04] AndroidManifest.xml:27:13-37
143        <uses-library
143-->[androidx.window:window:1.0.0-beta04] AndroidManifest.xml:28:9-30:40
144            android:name="androidx.window.sidecar"
144-->[androidx.window:window:1.0.0-beta04] AndroidManifest.xml:29:13-51
145            android:required="false" />
145-->[androidx.window:window:1.0.0-beta04] AndroidManifest.xml:30:13-37
146
147        <provider
147-->[com.google.firebase:firebase-common:20.3.2] AndroidManifest.xml:25:9-30:39
148            android:name="com.google.firebase.provider.FirebaseInitProvider"
148-->[com.google.firebase:firebase-common:20.3.2] AndroidManifest.xml:26:13-77
149            android:authorities="com.sobgog.car_rental.firebaseinitprovider"
149-->[com.google.firebase:firebase-common:20.3.2] AndroidManifest.xml:27:13-72
150            android:directBootAware="true"
150-->[com.google.firebase:firebase-common:20.3.2] AndroidManifest.xml:28:13-43
151            android:exported="false"
151-->[com.google.firebase:firebase-common:20.3.2] AndroidManifest.xml:29:13-37
152            android:initOrder="100" /> <!-- Needs to be explicitly declared on P+ -->
152-->[com.google.firebase:firebase-common:20.3.2] AndroidManifest.xml:30:13-36
153        <uses-library
153-->[com.google.android.gms:play-services-maps:18.1.0] AndroidManifest.xml:39:9-41:40
154            android:name="org.apache.http.legacy"
154-->[com.google.android.gms:play-services-maps:18.1.0] AndroidManifest.xml:40:13-50
155            android:required="false" />
155-->[com.google.android.gms:play-services-maps:18.1.0] AndroidManifest.xml:41:13-37
156
157        <receiver
157-->[com.google.android.gms:play-services-measurement:21.2.2] AndroidManifest.xml:29:9-33:20
158            android:name="com.google.android.gms.measurement.AppMeasurementReceiver"
158-->[com.google.android.gms:play-services-measurement:21.2.2] AndroidManifest.xml:30:13-85
159            android:enabled="true"
159-->[com.google.android.gms:play-services-measurement:21.2.2] AndroidManifest.xml:31:13-35
160            android:exported="false" >
160-->[com.google.android.gms:play-services-measurement:21.2.2] AndroidManifest.xml:32:13-37
161        </receiver>
162
163        <service
163-->[com.google.android.gms:play-services-measurement:21.2.2] AndroidManifest.xml:35:9-38:40
164            android:name="com.google.android.gms.measurement.AppMeasurementService"
164-->[com.google.android.gms:play-services-measurement:21.2.2] AndroidManifest.xml:36:13-84
165            android:enabled="true"
165-->[com.google.android.gms:play-services-measurement:21.2.2] AndroidManifest.xml:37:13-35
166            android:exported="false" />
166-->[com.google.android.gms:play-services-measurement:21.2.2] AndroidManifest.xml:38:13-37
167        <service
167-->[com.google.android.gms:play-services-measurement:21.2.2] AndroidManifest.xml:39:9-43:72
168            android:name="com.google.android.gms.measurement.AppMeasurementJobService"
168-->[com.google.android.gms:play-services-measurement:21.2.2] AndroidManifest.xml:40:13-87
169            android:enabled="true"
169-->[com.google.android.gms:play-services-measurement:21.2.2] AndroidManifest.xml:41:13-35
170            android:exported="false"
170-->[com.google.android.gms:play-services-measurement:21.2.2] AndroidManifest.xml:42:13-37
171            android:permission="android.permission.BIND_JOB_SERVICE" />
171-->[com.google.android.gms:play-services-measurement:21.2.2] AndroidManifest.xml:43:13-69
172
173        <activity
173-->[com.google.android.gms:play-services-base:18.1.0] AndroidManifest.xml:20:9-22:45
174            android:name="com.google.android.gms.common.api.GoogleApiActivity"
174-->[com.google.android.gms:play-services-base:18.1.0] AndroidManifest.xml:20:19-85
175            android:exported="false"
175-->[com.google.android.gms:play-services-base:18.1.0] AndroidManifest.xml:22:19-43
176            android:theme="@android:style/Theme.Translucent.NoTitleBar" />
176-->[com.google.android.gms:play-services-base:18.1.0] AndroidManifest.xml:21:19-78
177
178        <meta-data
178-->[com.google.android.gms:play-services-basement:18.1.0] AndroidManifest.xml:21:9-23:69
179            android:name="com.google.android.gms.version"
179-->[com.google.android.gms:play-services-basement:18.1.0] AndroidManifest.xml:22:13-58
180            android:value="@integer/google_play_services_version" />
180-->[com.google.android.gms:play-services-basement:18.1.0] AndroidManifest.xml:23:13-66
181    </application>
182
183</manifest>